[35m[Appium][39m Welcome to Appium v1.22.0
[35m[Appium][39m Non-default server args:
[35m[Appium][39m   port: 50708
[35m[Appium][39m   loglevel: info
[35m[Appium][39m   tmpDir: C:\Users\THINLA~1\AppData\Local\Temp\\Katalon\Appium\Temp1698202055595
[35m[Appium][39m   chromedriverPort: 50709
[35m[Appium][39m Deprecated server args:
[35m[Appium][39m   [31m--chromedriver-port[39m => --default-capabilities
[35m[Appium][39m Default capabilities, which will be added to each request unless overridden by desired capabilities:
[35m[Appium][39m   chromedriverPort: 50709
[35m[Appium][39m Appium REST http interface listener started on 0.0.0.0:50708
[35m[HTTP][39m [37m-->[39m [37mGET[39m [37m/wd/hub/status[39m
[35m[HTTP][39m [90m{}[39m
[35m[HTTP][39m [37m<-- GET /wd/hub/status [39m[32m200[39m [90m8 ms - 68[39m
[35m[HTTP][39m [90m[39m
[35m[HTTP][39m [37m-->[39m [37mGET[39m [37m/wd/hub/status[39m
[35m[HTTP][39m [90m{}[39m
[35m[HTTP][39m [37m<-- GET /wd/hub/status [39m[32m200[39m [90m2 ms - 68[39m
[35m[HTTP][39m [90m[39m
[35m[HTTP][39m [37m-->[39m [37mPOST[39m [37m/wd/hub/session[39m
[35m[HTTP][39m [90m{"desiredCapabilities":{"appActivity":".Settings","appPackage":"com.android.settings","newCommandTimeout":1800,"platformVersion":"12","automationName":"uiautomator2","autoGrantPermissions":true,"platformName":"Android","udid":"R7STB0R3S4X","deviceName":"samsung SM-A032F (Android 12)","platform":"ANDROID","systemPort":8296},"capabilities":{"firstMatch":[{"appium:appActivity":".Settings","appium:appPackage":"com.android.settings","appium:autoGrantPermissions":true,"appium:automationName":"uiautomator2","appium:deviceName":"samsung SM-A032F (Android 12)","appium:newCommandTimeout":1800,"platform":"ANDROID","platformName":"android","appium:platformVersion":"12","appium:systemPort":8296,"appium:udid":"R7STB0R3S4X"}]}}[39m
[35m[BaseDriver][39m The following capabilities are not standard capabilities and should have an extension prefix:
[35m[BaseDriver][39m   platform
[35m[BaseDriver][39m   chromedriverPort
[35m[Appium][39m Appium v1.22.0 creating new AndroidUiautomator2Driver (v1.69.0) session
[35m[BaseDriver][39m The following capabilities were provided, but are not recognized by Appium:
[35m[BaseDriver][39m   platform
[35m[BaseDriver][39m Session created with session id: 6a482351-6615-4d1e-93f0-4887656e27a3
[35m[UiAutomator2][39m Starting 'com.android.settings' directly on the device
[35m[ADB][39m Found 1 'build-tools' folders under 'C:\Users\Thin Lay\.katalon\tools\android_sdk' (newest first):
[35m[ADB][39m     C:/Users/Thin Lay/.katalon/tools/android_sdk/build-tools/29.0.3
[35m[ADB][39m Using 'adb.exe' from 'C:\Users\Thin Lay\.katalon\tools\android_sdk\platform-tools\adb.exe'
[35m[AndroidDriver][39m Retrieving device list
[35m[AndroidDriver][39m Using device: R7STB0R3S4X
[35m[ADB][39m Using 'adb.exe' from 'C:\Users\Thin Lay\.katalon\tools\android_sdk\platform-tools\adb.exe'
[35m[ADB][39m Getting device platform version
[35m[UiAutomator2][39m Relaxing hidden api policy
[35m[AndroidDriver][39m No app sent in, not parsing package/activity
[35m[ADB][39m Using 'apksigner.jar' from 'C:\Users\Thin Lay\.katalon\tools\android_sdk\build-tools\29.0.3\lib\apksigner.jar'
[35m[ADB][39m 'C:\Users\Thin Lay\AppData\Roaming\npm\node_modules\appium\node_modules\appium-uiautomator2-server\apks\appium-uiautomator2-server-v4.24.0.apk' is signed with the default certificate
[35m[ADB][39m 'C:\Users\Thin Lay\AppData\Roaming\npm\node_modules\appium\node_modules\appium-uiautomator2-server\apks\appium-uiautomator2-server-debug-androidTest.apk' is signed with the default certificate
[35m[UiAutomator2][39m Server packages are not going to be (re)installed
[35m[ADB][39m Adding packages ["io.appium.settings","io.appium.uiautomator2.server","io.appium.uiautomator2.server.test"] to Doze whitelist
[35m[UiAutomator2][39m Starting UIAutomator2 server 4.24.0
[35m[UiAutomator2][39m Using UIAutomator2 server from 'C:\Users\Thin Lay\AppData\Roaming\npm\node_modules\appium\node_modules\appium-uiautomator2-server\apks\appium-uiautomator2-server-v4.24.0.apk' and test from 'C:\Users\Thin Lay\AppData\Roaming\npm\node_modules\appium\node_modules\appium-uiautomator2-server\apks\appium-uiautomator2-server-debug-androidTest.apk'
[35m[UiAutomator2][39m Waiting up to 30000ms for UiAutomator2 to be online...
[35m[WD Proxy][39m socket hang up
[35m[WD Proxy][39m socket hang up
[35m[WD Proxy][39m socket hang up
[35m[WD Proxy][39m socket hang up
[35m[WD Proxy][39m Determined the downstream protocol as 'W3C'
[35m[AndroidDriver][39m Screen already unlocked, doing nothing
[35m[UiAutomator2][39m Starting 'com.android.settings/.Settings and waiting for 'com.android.settings/.Settings'
[35m[Appium][39m New AndroidUiautomator2Driver session created successfully, session 6a482351-6615-4d1e-93f0-4887656e27a3 added to master session list
[35m[HTTP][39m [37m<-- POST /wd/hub/session [39m[32m200[39m [90m11087 ms - 1152[39m
[35m[HTTP][39m [90m[39m
[35m[HTTP][39m [37m-->[39m [37mGET[39m [37m/wd/hub/session/6a482351-6615-4d1e-93f0-4887656e27a3[39m
[35m[HTTP][39m [90m{}[39m
[35m[HTTP][39m [37m<-- GET /wd/hub/session/6a482351-6615-4d1e-93f0-4887656e27a3 [39m[32m200[39m [90m41 ms - 1106[39m
[35m[HTTP][39m [90m[39m
[35m[HTTP][39m [37m-->[39m [37mGET[39m [37m/wd/hub/session/6a482351-6615-4d1e-93f0-4887656e27a3[39m
[35m[HTTP][39m [90m{}[39m
[35m[HTTP][39m [37m<-- GET /wd/hub/session/6a482351-6615-4d1e-93f0-4887656e27a3 [39m[32m200[39m [90m30 ms - 1106[39m
[35m[HTTP][39m [90m[39m
[35m[HTTP][39m [37m-->[39m [37mGET[39m [37m/wd/hub/status[39m
[35m[HTTP][39m [90m{}[39m
[35m[HTTP][39m [37m<-- GET /wd/hub/status [39m[32m200[39m [90m1 ms - 68[39m
[35m[HTTP][39m [90m[39m
[35m[HTTP][39m [37m-->[39m [37mPOST[39m [37m/wd/hub/session/6a482351-6615-4d1e-93f0-4887656e27a3/timeouts[39m
[35m[HTTP][39m [90m{"implicit":60000}[39m
[35m[HTTP][39m [37m<-- POST /wd/hub/session/6a482351-6615-4d1e-93f0-4887656e27a3/timeouts [39m[32m200[39m [90m3 ms - 14[39m
[35m[HTTP][39m [90m[39m
[35m[HTTP][39m [37m-->[39m [37mGET[39m [37m/wd/hub/session/6a482351-6615-4d1e-93f0-4887656e27a3/screenshot[39m
[35m[HTTP][39m [90m{}[39m
[35m[HTTP][39m [37m<-- GET /wd/hub/session/6a482351-6615-4d1e-93f0-4887656e27a3/screenshot [39m[32m200[39m [90m731 ms - 171938[39m
[35m[HTTP][39m [90m[39m
[35m[HTTP][39m [37m-->[39m [37mGET[39m [37m/wd/hub/session/6a482351-6615-4d1e-93f0-4887656e27a3/window/rect[39m
[35m[HTTP][39m [90m{}[39m
[35m[HTTP][39m [37m<-- GET /wd/hub/session/6a482351-6615-4d1e-93f0-4887656e27a3/window/rect [39m[32m200[39m [90m64 ms - 49[39m
[35m[HTTP][39m [90m[39m
[35m[HTTP][39m [37m-->[39m [37mGET[39m [37m/wd/hub/session/6a482351-6615-4d1e-93f0-4887656e27a3/appium/device/system_bars[39m
[35m[HTTP][39m [90m{}[39m
[35m[HTTP][39m [37m<-- GET /wd/hub/session/6a482351-6615-4d1e-93f0-4887656e27a3/appium/device/system_bars [39m[32m200[39m [90m169 ms - 145[39m
[35m[HTTP][39m [90m[39m
[35m[HTTP][39m [37m-->[39m [37mPOST[39m [37m/wd/hub/session/6a482351-6615-4d1e-93f0-4887656e27a3/appium/device/activate_app[39m
[35m[HTTP][39m [90m{"bundleId":"com.momoney.merchant.uat"}[39m
[35m[HTTP][39m [37m<-- POST /wd/hub/session/6a482351-6615-4d1e-93f0-4887656e27a3/appium/device/activate_app [39m[32m200[39m [90m919 ms - 14[39m
[35m[HTTP][39m [90m[39m
[35m[HTTP][39m [37m-->[39m [37mGET[39m [37m/wd/hub/session/6a482351-6615-4d1e-93f0-4887656e27a3/source[39m
[35m[HTTP][39m [90m{}[39m
[35m[W3C (6a482351)][39m Driver proxy active, passing request on via HTTP proxy
[35m[WD Proxy][39m Replacing sessionId 5c04e634-3909-4494-bc14-d991f1cf3cbf with 6a482351-6615-4d1e-93f0-4887656e27a3
[35m[HTTP][39m [37m<-- GET /wd/hub/session/6a482351-6615-4d1e-93f0-4887656e27a3/source [39m[32m200[39m [90m999 ms - 18982[39m
[35m[HTTP][39m [90m[39m
[35m[HTTP][39m [37m-->[39m [37mGET[39m [37m/wd/hub/session/6a482351-6615-4d1e-93f0-4887656e27a3/screenshot[39m
[35m[HTTP][39m [90m{}[39m
[35m[HTTP][39m [37m<-- GET /wd/hub/session/6a482351-6615-4d1e-93f0-4887656e27a3/screenshot [39m[32m200[39m [90m693 ms - 77956[39m
[35m[HTTP][39m [90m[39m
[35m[HTTP][39m [37m-->[39m [37mGET[39m [37m/wd/hub/session/6a482351-6615-4d1e-93f0-4887656e27a3/source[39m
[35m[HTTP][39m [90m{}[39m
[35m[W3C (6a482351)][39m Driver proxy active, passing request on via HTTP proxy
[35m[WD Proxy][39m Replacing sessionId 5c04e634-3909-4494-bc14-d991f1cf3cbf with 6a482351-6615-4d1e-93f0-4887656e27a3
[35m[HTTP][39m [37m<-- GET /wd/hub/session/6a482351-6615-4d1e-93f0-4887656e27a3/source [39m[32m200[39m [90m355 ms - 18998[39m
[35m[HTTP][39m [90m[39m
[35m[HTTP][39m [37m-->[39m [37mGET[39m [37m/wd/hub/session/6a482351-6615-4d1e-93f0-4887656e27a3/screenshot[39m
[35m[HTTP][39m [90m{}[39m
[35m[HTTP][39m [37m<-- GET /wd/hub/session/6a482351-6615-4d1e-93f0-4887656e27a3/screenshot [39m[32m200[39m [90m736 ms - 107952[39m
[35m[HTTP][39m [90m[39m
[35m[HTTP][39m [37m-->[39m [37mPOST[39m [37m/wd/hub/session/6a482351-6615-4d1e-93f0-4887656e27a3/elements[39m
[35m[HTTP][39m [90m{"using":"xpath","value":"//*[@class = 'android.widget.EditText' and (@text = 'Enter Business Mobile Number' or . = 'Enter Business Mobile Number')]"}[39m
[35m[HTTP][39m [37m<-- POST /wd/hub/session/6a482351-6615-4d1e-93f0-4887656e27a3/elements [39m[32m200[39m [90m484 ms - 139[39m
[35m[HTTP][39m [90m[39m
[35m[HTTP][39m [37m-->[39m [37mGET[39m [37m/wd/hub/session/6a482351-6615-4d1e-93f0-4887656e27a3/window/rect[39m
[35m[HTTP][39m [90m{}[39m
[35m[HTTP][39m [37m<-- GET /wd/hub/session/6a482351-6615-4d1e-93f0-4887656e27a3/window/rect [39m[32m200[39m [90m44 ms - 49[39m
[35m[HTTP][39m [90m[39m
[35m[HTTP][39m [37m-->[39m [37mPOST[39m [37m/wd/hub/session/6a482351-6615-4d1e-93f0-4887656e27a3/elements[39m
[35m[HTTP][39m [90m{"using":"xpath","value":"//*[@class = 'android.widget.EditText' and (@text = 'Enter Business Mobile Number' or . = 'Enter Business Mobile Number')]"}[39m
[35m[HTTP][39m [37m<-- POST /wd/hub/session/6a482351-6615-4d1e-93f0-4887656e27a3/elements [39m[32m200[39m [90m356 ms - 139[39m
[35m[HTTP][39m [90m[39m
[35m[HTTP][39m [37m-->[39m [37mGET[39m [37m/wd/hub/session/6a482351-6615-4d1e-93f0-4887656e27a3/element/00000000-0000-01ce-ffff-ffff00000153/location[39m
[35m[HTTP][39m [90m{}[39m
[35m[W3C (6a482351)][39m Driver proxy active, passing request on via HTTP proxy
[35m[WD Proxy][39m Replacing sessionId 5c04e634-3909-4494-bc14-d991f1cf3cbf with 6a482351-6615-4d1e-93f0-4887656e27a3
[35m[HTTP][39m [37m<-- GET /wd/hub/session/6a482351-6615-4d1e-93f0-4887656e27a3/element/00000000-0000-01ce-ffff-ffff00000153/location [39m[32m200[39m [90m48 ms - 77[39m
[35m[HTTP][39m [90m[39m
[35m[HTTP][39m [37m-->[39m [37mPOST[39m [37m/wd/hub/session/6a482351-6615-4d1e-93f0-4887656e27a3/element/00000000-0000-01ce-ffff-ffff00000153/clear[39m
[35m[HTTP][39m [90m{"id":"00000000-0000-01ce-ffff-ffff00000153"}[39m
[35m[HTTP][39m [37m<-- POST /wd/hub/session/6a482351-6615-4d1e-93f0-4887656e27a3/element/00000000-0000-01ce-ffff-ffff00000153/clear [39m[32m200[39m [90m54 ms - 14[39m
[35m[HTTP][39m [90m[39m
[35m[HTTP][39m [37m-->[39m [37mPOST[39m [37m/wd/hub/session/6a482351-6615-4d1e-93f0-4887656e27a3/element/00000000-0000-01ce-ffff-ffff00000153/value[39m
[35m[HTTP][39m [90m{"id":"00000000-0000-01ce-ffff-ffff00000153","text":"09952168096","value":["0","9","9","5","2","1","6","8","0","9","6"]}[39m
[35m[HTTP][39m [37m<-- POST /wd/hub/session/6a482351-6615-4d1e-93f0-4887656e27a3/element/00000000-0000-01ce-ffff-ffff00000153/value [39m[32m200[39m [90m1238 ms - 14[39m
[35m[HTTP][39m [90m[39m
[35m[HTTP][39m [37m-->[39m [37mGET[39m [37m/wd/hub/session/6a482351-6615-4d1e-93f0-4887656e27a3/source[39m
[35m[HTTP][39m [90m{}[39m
[35m[W3C (6a482351)][39m Driver proxy active, passing request on via HTTP proxy
[35m[WD Proxy][39m Replacing sessionId 5c04e634-3909-4494-bc14-d991f1cf3cbf with 6a482351-6615-4d1e-93f0-4887656e27a3
[35m[HTTP][39m [37m<-- GET /wd/hub/session/6a482351-6615-4d1e-93f0-4887656e27a3/source [39m[32m200[39m [90m262 ms - 18981[39m
[35m[HTTP][39m [90m[39m
[35m[HTTP][39m [37m-->[39m [37mGET[39m [37m/wd/hub/session/6a482351-6615-4d1e-93f0-4887656e27a3/screenshot[39m
[35m[HTTP][39m [90m{}[39m
[35m[HTTP][39m [37m<-- GET /wd/hub/session/6a482351-6615-4d1e-93f0-4887656e27a3/screenshot [39m[32m200[39m [90m714 ms - 108216[39m
[35m[HTTP][39m [90m[39m
[35m[HTTP][39m [37m-->[39m [37mPOST[39m [37m/wd/hub/session/6a482351-6615-4d1e-93f0-4887656e27a3/elements[39m
[35m[HTTP][39m [90m{"using":"xpath","value":"//*[@class = 'android.view.ViewGroup' and (@text = '' or . = '')]"}[39m
[35m[HTTP][39m [37m<-- POST /wd/hub/session/6a482351-6615-4d1e-93f0-4887656e27a3/elements [39m[32m200[39m [90m456 ms - 3211[39m
[35m[HTTP][39m [90m[39m
[35m[HTTP][39m [37m-->[39m [37mPOST[39m [37m/wd/hub/session/6a482351-6615-4d1e-93f0-4887656e27a3/elements[39m
[35m[HTTP][39m [90m{"using":"-android uiautomator","value":"new UiSelector().className(\"android.view.ViewGroup\")"}[39m
[35m[HTTP][39m [37m<-- POST /wd/hub/session/6a482351-6615-4d1e-93f0-4887656e27a3/elements [39m[32m200[39m [90m510 ms - 3211[39m
[35m[HTTP][39m [90m[39m
[35m[HTTP][39m [37m-->[39m [37mGET[39m [37m/wd/hub/session/6a482351-6615-4d1e-93f0-4887656e27a3/window/rect[39m
[35m[HTTP][39m [90m{}[39m
[35m[HTTP][39m [37m<-- GET /wd/hub/session/6a482351-6615-4d1e-93f0-4887656e27a3/window/rect [39m[32m200[39m [90m28 ms - 49[39m
[35m[HTTP][39m [90m[39m
[35m[HTTP][39m [37m-->[39m [37mPOST[39m [37m/wd/hub/session/6a482351-6615-4d1e-93f0-4887656e27a3/elements[39m
[35m[HTTP][39m [90m{"using":"xpath","value":"//hierarchy/android.widget.FrameLayout[1]/android.widget.LinearLayout[1]/android.widget.FrameLayout[1]/android.widget.LinearLayout[1]/android.widget.FrameLayout[1]/android.widget.FrameLayout[1]/android.view.ViewGroup[1]/android.view.ViewGroup[1]/android.view.ViewGroup[1]/android.view.ViewGroup[1]/android.view.ViewGroup[1]/android.view.ViewGroup[1]/android.view.ViewGroup[3]"}[39m
[35m[HTTP][39m [37m<-- POST /wd/hub/session/6a482351-6615-4d1e-93f0-4887656e27a3/elements [39m[32m200[39m [90m276 ms - 139[39m
[35m[HTTP][39m [90m[39m
[35m[HTTP][39m [37m-->[39m [37mGET[39m [37m/wd/hub/session/6a482351-6615-4d1e-93f0-4887656e27a3/element/00000000-0000-01ce-ffff-ffff00000156/location[39m
[35m[HTTP][39m [90m{}[39m
[35m[W3C (6a482351)][39m Driver proxy active, passing request on via HTTP proxy
[35m[WD Proxy][39m Replacing sessionId 5c04e634-3909-4494-bc14-d991f1cf3cbf with 6a482351-6615-4d1e-93f0-4887656e27a3
[35m[HTTP][39m [37m<-- GET /wd/hub/session/6a482351-6615-4d1e-93f0-4887656e27a3/element/00000000-0000-01ce-ffff-ffff00000156/location [39m[32m200[39m [90m34 ms - 77[39m
[35m[HTTP][39m [90m[39m
[35m[HTTP][39m [37m-->[39m [37mPOST[39m [37m/wd/hub/session/6a482351-6615-4d1e-93f0-4887656e27a3/element/00000000-0000-01ce-ffff-ffff00000156/click[39m
[35m[HTTP][39m [90m{"id":"00000000-0000-01ce-ffff-ffff00000156"}[39m
[35m[HTTP][39m [37m<-- POST /wd/hub/session/6a482351-6615-4d1e-93f0-4887656e27a3/element/00000000-0000-01ce-ffff-ffff00000156/click [39m[32m200[39m [90m70 ms - 14[39m
[35m[HTTP][39m [90m[39m
[35m[HTTP][39m [37m-->[39m [37mGET[39m [37m/wd/hub/session/6a482351-6615-4d1e-93f0-4887656e27a3/source[39m
[35m[HTTP][39m [90m{}[39m
[35m[W3C (6a482351)][39m Driver proxy active, passing request on via HTTP proxy
[35m[WD Proxy][39m Replacing sessionId 5c04e634-3909-4494-bc14-d991f1cf3cbf with 6a482351-6615-4d1e-93f0-4887656e27a3
[35m[HTTP][39m [37m<-- GET /wd/hub/session/6a482351-6615-4d1e-93f0-4887656e27a3/source [39m[32m200[39m [90m736 ms - 6877[39m
[35m[HTTP][39m [90m[39m
[35m[HTTP][39m [37m-->[39m [37mGET[39m [37m/wd/hub/session/6a482351-6615-4d1e-93f0-4887656e27a3/screenshot[39m
[35m[HTTP][39m [90m{}[39m
[35m[HTTP][39m [37m<-- GET /wd/hub/session/6a482351-6615-4d1e-93f0-4887656e27a3/screenshot [39m[32m200[39m [90m701 ms - 80764[39m
[35m[HTTP][39m [90m[39m
[35m[HTTP][39m [37m-->[39m [37mPOST[39m [37m/wd/hub/session/6a482351-6615-4d1e-93f0-4887656e27a3/elements[39m
[35m[HTTP][39m [90m{"using":"xpath","value":"//*[@class = 'android.widget.Button' and (@text = 'OK' or . = 'OK') and @resource-id = 'android:id/button1']"}[39m
[35m[HTTP][39m [37m<-- POST /wd/hub/session/6a482351-6615-4d1e-93f0-4887656e27a3/elements [39m[32m200[39m [90m130 ms - 139[39m
[35m[HTTP][39m [90m[39m
[35m[HTTP][39m [37m-->[39m [37mGET[39m [37m/wd/hub/session/6a482351-6615-4d1e-93f0-4887656e27a3/window/rect[39m
[35m[HTTP][39m [90m{}[39m
[35m[HTTP][39m [37m<-- GET /wd/hub/session/6a482351-6615-4d1e-93f0-4887656e27a3/window/rect [39m[32m200[39m [90m43 ms - 49[39m
[35m[HTTP][39m [90m[39m
[35m[HTTP][39m [37m-->[39m [37mPOST[39m [37m/wd/hub/session/6a482351-6615-4d1e-93f0-4887656e27a3/elements[39m
[35m[HTTP][39m [90m{"using":"xpath","value":"//*[@class = 'android.widget.Button' and (@text = 'OK' or . = 'OK') and @resource-id = 'android:id/button1']"}[39m
[35m[HTTP][39m [37m<-- POST /wd/hub/session/6a482351-6615-4d1e-93f0-4887656e27a3/elements [39m[32m200[39m [90m214 ms - 139[39m
[35m[HTTP][39m [90m[39m
[35m[HTTP][39m [37m-->[39m [37mGET[39m [37m/wd/hub/session/6a482351-6615-4d1e-93f0-4887656e27a3/element/00000000-0000-01d6-ffff-ffff00000211/location[39m
[35m[HTTP][39m [90m{}[39m
[35m[W3C (6a482351)][39m Driver proxy active, passing request on via HTTP proxy
[35m[WD Proxy][39m Replacing sessionId 5c04e634-3909-4494-bc14-d991f1cf3cbf with 6a482351-6615-4d1e-93f0-4887656e27a3
[35m[HTTP][39m [37m<-- GET /wd/hub/session/6a482351-6615-4d1e-93f0-4887656e27a3/element/00000000-0000-01d6-ffff-ffff00000211/location [39m[32m200[39m [90m56 ms - 78[39m
[35m[HTTP][39m [90m[39m
[35m[HTTP][39m [37m-->[39m [37mPOST[39m [37m/wd/hub/session/6a482351-6615-4d1e-93f0-4887656e27a3/element/00000000-0000-01d6-ffff-ffff00000211/click[39m
[35m[HTTP][39m [90m{"id":"00000000-0000-01d6-ffff-ffff00000211"}[39m
[35m[HTTP][39m [37m<-- POST /wd/hub/session/6a482351-6615-4d1e-93f0-4887656e27a3/element/00000000-0000-01d6-ffff-ffff00000211/click [39m[32m200[39m [90m85 ms - 14[39m
[35m[HTTP][39m [90m[39m
[35m[HTTP][39m [37m-->[39m [37mGET[39m [37m/wd/hub/session/6a482351-6615-4d1e-93f0-4887656e27a3/source[39m
[35m[HTTP][39m [90m{}[39m
[35m[W3C (6a482351)][39m Driver proxy active, passing request on via HTTP proxy
[35m[WD Proxy][39m Replacing sessionId 5c04e634-3909-4494-bc14-d991f1cf3cbf with 6a482351-6615-4d1e-93f0-4887656e27a3
[35m[HTTP][39m [37m<-- GET /wd/hub/session/6a482351-6615-4d1e-93f0-4887656e27a3/source [39m[32m200[39m [90m171 ms - 15234[39m
[35m[HTTP][39m [90m[39m
[35m[HTTP][39m [37m-->[39m [37mGET[39m [37m/wd/hub/session/6a482351-6615-4d1e-93f0-4887656e27a3/screenshot[39m
[35m[HTTP][39m [90m{}[39m
[35m[HTTP][39m [37m<-- GET /wd/hub/session/6a482351-6615-4d1e-93f0-4887656e27a3/screenshot [39m[32m200[39m [90m680 ms - 83248[39m
[35m[HTTP][39m [90m[39m
[35m[HTTP][39m [37m-->[39m [37mPOST[39m [37m/wd/hub/session/6a482351-6615-4d1e-93f0-4887656e27a3/elements[39m
[35m[HTTP][39m [90m{"using":"xpath","value":"//*[@class = 'android.widget.EditText' and (@text = 'Amount' or . = 'Amount')]"}[39m
[35m[HTTP][39m [37m<-- POST /wd/hub/session/6a482351-6615-4d1e-93f0-4887656e27a3/elements [39m[32m200[39m [90m218 ms - 139[39m
[35m[HTTP][39m [90m[39m
[35m[HTTP][39m [37m-->[39m [37mGET[39m [37m/wd/hub/session/6a482351-6615-4d1e-93f0-4887656e27a3/window/rect[39m
[35m[HTTP][39m [90m{}[39m
[35m[HTTP][39m [37m<-- GET /wd/hub/session/6a482351-6615-4d1e-93f0-4887656e27a3/window/rect [39m[32m200[39m [90m25 ms - 49[39m
[35m[HTTP][39m [90m[39m
[35m[HTTP][39m [37m-->[39m [37mPOST[39m [37m/wd/hub/session/6a482351-6615-4d1e-93f0-4887656e27a3/elements[39m
[35m[HTTP][39m [90m{"using":"xpath","value":"//*[@class = 'android.widget.EditText' and (@text = 'Amount' or . = 'Amount')]"}[39m
[35m[HTTP][39m [37m<-- POST /wd/hub/session/6a482351-6615-4d1e-93f0-4887656e27a3/elements [39m[32m200[39m [90m213 ms - 139[39m
[35m[HTTP][39m [90m[39m
[35m[HTTP][39m [37m-->[39m [37mGET[39m [37m/wd/hub/session/6a482351-6615-4d1e-93f0-4887656e27a3/element/00000000-0000-01ce-ffff-ffff000001e9/location[39m
[35m[HTTP][39m [90m{}[39m
[35m[W3C (6a482351)][39m Driver proxy active, passing request on via HTTP proxy
[35m[WD Proxy][39m Replacing sessionId 5c04e634-3909-4494-bc14-d991f1cf3cbf with 6a482351-6615-4d1e-93f0-4887656e27a3
[35m[HTTP][39m [37m<-- GET /wd/hub/session/6a482351-6615-4d1e-93f0-4887656e27a3/element/00000000-0000-01ce-ffff-ffff000001e9/location [39m[32m200[39m [90m39 ms - 77[39m
[35m[HTTP][39m [90m[39m
[35m[HTTP][39m [37m-->[39m [37mPOST[39m [37m/wd/hub/session/6a482351-6615-4d1e-93f0-4887656e27a3/element/00000000-0000-01ce-ffff-ffff000001e9/clear[39m
[35m[HTTP][39m [90m{"id":"00000000-0000-01ce-ffff-ffff000001e9"}[39m
[35m[HTTP][39m [37m<-- POST /wd/hub/session/6a482351-6615-4d1e-93f0-4887656e27a3/element/00000000-0000-01ce-ffff-ffff000001e9/clear [39m[32m200[39m [90m38 ms - 14[39m
[35m[HTTP][39m [90m[39m
[35m[HTTP][39m [37m-->[39m [37mPOST[39m [37m/wd/hub/session/6a482351-6615-4d1e-93f0-4887656e27a3/element/00000000-0000-01ce-ffff-ffff000001e9/value[39m
[35m[HTTP][39m [90m{"id":"00000000-0000-01ce-ffff-ffff000001e9","text":"1000","value":["1","0","0","0"]}[39m
[35m[HTTP][39m [37m<-- POST /wd/hub/session/6a482351-6615-4d1e-93f0-4887656e27a3/element/00000000-0000-01ce-ffff-ffff000001e9/value [39m[32m200[39m [90m1031 ms - 14[39m
[35m[HTTP][39m [90m[39m
[35m[HTTP][39m [37m-->[39m [37mGET[39m [37m/wd/hub/session/6a482351-6615-4d1e-93f0-4887656e27a3/source[39m
[35m[HTTP][39m [90m{}[39m
[35m[W3C (6a482351)][39m Driver proxy active, passing request on via HTTP proxy
[35m[WD Proxy][39m Replacing sessionId 5c04e634-3909-4494-bc14-d991f1cf3cbf with 6a482351-6615-4d1e-93f0-4887656e27a3
[35m[HTTP][39m [37m<-- GET /wd/hub/session/6a482351-6615-4d1e-93f0-4887656e27a3/source [39m[32m200[39m [90m162 ms - 15232[39m
[35m[HTTP][39m [90m[39m
[35m[HTTP][39m [37m-->[39m [37mGET[39m [37m/wd/hub/session/6a482351-6615-4d1e-93f0-4887656e27a3/screenshot[39m
[35m[HTTP][39m [90m{}[39m
[35m[HTTP][39m [37m<-- GET /wd/hub/session/6a482351-6615-4d1e-93f0-4887656e27a3/screenshot [39m[32m200[39m [90m670 ms - 81210[39m
[35m[HTTP][39m [90m[39m
[35m[HTTP][39m [37m-->[39m [37mPOST[39m [37m/wd/hub/session/6a482351-6615-4d1e-93f0-4887656e27a3/elements[39m
[35m[HTTP][39m [90m{"using":"xpath","value":"//*[@class = 'android.widget.EditText' and (@text = 'Remarks' or . = 'Remarks')]"}[39m
[35m[HTTP][39m [37m<-- POST /wd/hub/session/6a482351-6615-4d1e-93f0-4887656e27a3/elements [39m[32m200[39m [90m208 ms - 139[39m
[35m[HTTP][39m [90m[39m
[35m[HTTP][39m [37m-->[39m [37mGET[39m [37m/wd/hub/session/6a482351-6615-4d1e-93f0-4887656e27a3/window/rect[39m
[35m[HTTP][39m [90m{}[39m
[35m[HTTP][39m [37m<-- GET /wd/hub/session/6a482351-6615-4d1e-93f0-4887656e27a3/window/rect [39m[32m200[39m [90m24 ms - 49[39m
[35m[HTTP][39m [90m[39m
[35m[HTTP][39m [37m-->[39m [37mPOST[39m [37m/wd/hub/session/6a482351-6615-4d1e-93f0-4887656e27a3/elements[39m
[35m[HTTP][39m [90m{"using":"xpath","value":"//*[@class = 'android.widget.EditText' and (@text = 'Remarks' or . = 'Remarks')]"}[39m
[35m[HTTP][39m [37m<-- POST /wd/hub/session/6a482351-6615-4d1e-93f0-4887656e27a3/elements [39m[32m200[39m [90m188 ms - 139[39m
[35m[HTTP][39m [90m[39m
[35m[HTTP][39m [37m-->[39m [37mGET[39m [37m/wd/hub/session/6a482351-6615-4d1e-93f0-4887656e27a3/element/00000000-0000-01ce-ffff-ffff000001ec/location[39m
[35m[HTTP][39m [90m{}[39m
[35m[W3C (6a482351)][39m Driver proxy active, passing request on via HTTP proxy
[35m[WD Proxy][39m Replacing sessionId 5c04e634-3909-4494-bc14-d991f1cf3cbf with 6a482351-6615-4d1e-93f0-4887656e27a3
[35m[HTTP][39m [37m<-- GET /wd/hub/session/6a482351-6615-4d1e-93f0-4887656e27a3/element/00000000-0000-01ce-ffff-ffff000001ec/location [39m[32m200[39m [90m37 ms - 77[39m
[35m[HTTP][39m [90m[39m
[35m[HTTP][39m [37m-->[39m [37mPOST[39m [37m/wd/hub/session/6a482351-6615-4d1e-93f0-4887656e27a3/element/00000000-0000-01ce-ffff-ffff000001ec/clear[39m
[35m[HTTP][39m [90m{"id":"00000000-0000-01ce-ffff-ffff000001ec"}[39m
[35m[HTTP][39m [37m<-- POST /wd/hub/session/6a482351-6615-4d1e-93f0-4887656e27a3/element/00000000-0000-01ce-ffff-ffff000001ec/clear [39m[32m200[39m [90m34 ms - 14[39m
[35m[HTTP][39m [90m[39m
[35m[HTTP][39m [37m-->[39m [37mPOST[39m [37m/wd/hub/session/6a482351-6615-4d1e-93f0-4887656e27a3/element/00000000-0000-01ce-ffff-ffff000001ec/value[39m
[35m[HTTP][39m [90m{"id":"00000000-0000-01ce-ffff-ffff000001ec","text":"test","value":["t","e","s","t"]}[39m
[35m[HTTP][39m [37m<-- POST /wd/hub/session/6a482351-6615-4d1e-93f0-4887656e27a3/element/00000000-0000-01ce-ffff-ffff000001ec/value [39m[32m200[39m [90m1031 ms - 14[39m
[35m[HTTP][39m [90m[39m
[35m[HTTP][39m [37m-->[39m [37mGET[39m [37m/wd/hub/session/6a482351-6615-4d1e-93f0-4887656e27a3/source[39m
[35m[HTTP][39m [90m{}[39m
[35m[W3C (6a482351)][39m Driver proxy active, passing request on via HTTP proxy
[35m[WD Proxy][39m Replacing sessionId 5c04e634-3909-4494-bc14-d991f1cf3cbf with 6a482351-6615-4d1e-93f0-4887656e27a3
[35m[HTTP][39m [37m<-- GET /wd/hub/session/6a482351-6615-4d1e-93f0-4887656e27a3/source [39m[32m200[39m [90m159 ms - 15229[39m
[35m[HTTP][39m [90m[39m
[35m[HTTP][39m [37m-->[39m [37mGET[39m [37m/wd/hub/session/6a482351-6615-4d1e-93f0-4887656e27a3/screenshot[39m
[35m[HTTP][39m [90m{}[39m
[35m[HTTP][39m [37m<-- GET /wd/hub/session/6a482351-6615-4d1e-93f0-4887656e27a3/screenshot [39m[32m200[39m [90m669 ms - 80444[39m
[35m[HTTP][39m [90m[39m
[35m[HTTP][39m [37m-->[39m [37mPOST[39m [37m/wd/hub/session/6a482351-6615-4d1e-93f0-4887656e27a3/elements[39m
[35m[HTTP][39m [90m{"using":"xpath","value":"//*[@class = 'android.view.ViewGroup' and (@text = '' or . = '')]"}[39m
[35m[HTTP][39m [37m<-- POST /wd/hub/session/6a482351-6615-4d1e-93f0-4887656e27a3/elements [39m[32m200[39m [90m229 ms - 1931[39m
[35m[HTTP][39m [90m[39m
[35m[HTTP][39m [37m-->[39m [37mPOST[39m [37m/wd/hub/session/6a482351-6615-4d1e-93f0-4887656e27a3/elements[39m
[35m[HTTP][39m [90m{"using":"-android uiautomator","value":"new UiSelector().className(\"android.view.ViewGroup\")"}[39m
[35m[HTTP][39m [37m<-- POST /wd/hub/session/6a482351-6615-4d1e-93f0-4887656e27a3/elements [39m[32m200[39m [90m227 ms - 1931[39m
[35m[HTTP][39m [90m[39m
[35m[HTTP][39m [37m-->[39m [37mGET[39m [37m/wd/hub/session/6a482351-6615-4d1e-93f0-4887656e27a3/window/rect[39m
[35m[HTTP][39m [90m{}[39m
[35m[HTTP][39m [37m<-- GET /wd/hub/session/6a482351-6615-4d1e-93f0-4887656e27a3/window/rect [39m[32m200[39m [90m22 ms - 49[39m
[35m[HTTP][39m [90m[39m
[35m[HTTP][39m [37m-->[39m [37mPOST[39m [37m/wd/hub/session/6a482351-6615-4d1e-93f0-4887656e27a3/elements[39m
[35m[HTTP][39m [90m{"using":"xpath","value":"//hierarchy/android.widget.FrameLayout[1]/android.widget.LinearLayout[1]/android.widget.FrameLayout[1]/android.widget.LinearLayout[1]/android.widget.FrameLayout[1]/android.widget.FrameLayout[1]/android.view.ViewGroup[1]/android.view.ViewGroup[1]/android.view.ViewGroup[1]/android.view.ViewGroup[1]/android.view.ViewGroup[1]/android.view.ViewGroup[1]/android.widget.ScrollView[1]/android.view.ViewGroup[1]/android.view.ViewGroup[5]"}[39m
[35m[HTTP][39m [37m<-- POST /wd/hub/session/6a482351-6615-4d1e-93f0-4887656e27a3/elements [39m[32m200[39m [90m179 ms - 139[39m
[35m[HTTP][39m [90m[39m
[35m[HTTP][39m [37m-->[39m [37mGET[39m [37m/wd/hub/session/6a482351-6615-4d1e-93f0-4887656e27a3/element/00000000-0000-01ce-ffff-ffff000001ed/location[39m
[35m[HTTP][39m [90m{}[39m
[35m[W3C (6a482351)][39m Driver proxy active, passing request on via HTTP proxy
[35m[WD Proxy][39m Replacing sessionId 5c04e634-3909-4494-bc14-d991f1cf3cbf with 6a482351-6615-4d1e-93f0-4887656e27a3
[35m[HTTP][39m [37m<-- GET /wd/hub/session/6a482351-6615-4d1e-93f0-4887656e27a3/element/00000000-0000-01ce-ffff-ffff000001ed/location [39m[32m200[39m [90m30 ms - 78[39m
[35m[HTTP][39m [90m[39m
[35m[HTTP][39m [37m-->[39m [37mPOST[39m [37m/wd/hub/session/6a482351-6615-4d1e-93f0-4887656e27a3/element/00000000-0000-01ce-ffff-ffff000001ed/click[39m
[35m[HTTP][39m [90m{"id":"00000000-0000-01ce-ffff-ffff000001ed"}[39m
[35m[HTTP][39m [37m<-- POST /wd/hub/session/6a482351-6615-4d1e-93f0-4887656e27a3/element/00000000-0000-01ce-ffff-ffff000001ed/click [39m[32m200[39m [90m56 ms - 14[39m
[35m[HTTP][39m [90m[39m
[35m[HTTP][39m [37m-->[39m [37mGET[39m [37m/wd/hub/session/6a482351-6615-4d1e-93f0-4887656e27a3/source[39m
[35m[HTTP][39m [90m{}[39m
[35m[W3C (6a482351)][39m Driver proxy active, passing request on via HTTP proxy
[35m[WD Proxy][39m Replacing sessionId 5c04e634-3909-4494-bc14-d991f1cf3cbf with 6a482351-6615-4d1e-93f0-4887656e27a3
[35m[HTTP][39m [37m<-- GET /wd/hub/session/6a482351-6615-4d1e-93f0-4887656e27a3/source [39m[32m200[39m [90m606 ms - 6870[39m
[35m[HTTP][39m [90m[39m
[35m[HTTP][39m [37m-->[39m [37mGET[39m [37m/wd/hub/session/6a482351-6615-4d1e-93f0-4887656e27a3/screenshot[39m
[35m[HTTP][39m [90m{}[39m
[35m[HTTP][39m [37m<-- GET /wd/hub/session/6a482351-6615-4d1e-93f0-4887656e27a3/screenshot [39m[32m200[39m [90m680 ms - 78182[39m
[35m[HTTP][39m [90m[39m
[35m[HTTP][39m [37m-->[39m [37mPOST[39m [37m/wd/hub/session/6a482351-6615-4d1e-93f0-4887656e27a3/elements[39m
[35m[HTTP][39m [90m{"using":"xpath","value":"//*[@class = 'android.widget.Button' and (@text = 'OK' or . = 'OK') and @resource-id = 'android:id/button1']"}[39m
[35m[HTTP][39m [37m<-- POST /wd/hub/session/6a482351-6615-4d1e-93f0-4887656e27a3/elements [39m[32m200[39m [90m99 ms - 139[39m
[35m[HTTP][39m [90m[39m
[35m[HTTP][39m [37m-->[39m [37mGET[39m [37m/wd/hub/session/6a482351-6615-4d1e-93f0-4887656e27a3/window/rect[39m
[35m[HTTP][39m [90m{}[39m
[35m[HTTP][39m [37m<-- GET /wd/hub/session/6a482351-6615-4d1e-93f0-4887656e27a3/window/rect [39m[32m200[39m [90m20 ms - 49[39m
[35m[HTTP][39m [90m[39m
[35m[HTTP][39m [37m-->[39m [37mPOST[39m [37m/wd/hub/session/6a482351-6615-4d1e-93f0-4887656e27a3/elements[39m
[35m[HTTP][39m [90m{"using":"xpath","value":"//*[@class = 'android.widget.Button' and (@text = 'OK' or . = 'OK') and @resource-id = 'android:id/button1']"}[39m
[35m[HTTP][39m [37m<-- POST /wd/hub/session/6a482351-6615-4d1e-93f0-4887656e27a3/elements [39m[32m200[39m [90m100 ms - 139[39m
[35m[HTTP][39m [90m[39m
[35m[HTTP][39m [37m-->[39m [37mGET[39m [37m/wd/hub/session/6a482351-6615-4d1e-93f0-4887656e27a3/element/00000000-0000-01d8-ffff-ffff00000237/location[39m
[35m[HTTP][39m [90m{}[39m
[35m[W3C (6a482351)][39m Driver proxy active, passing request on via HTTP proxy
[35m[WD Proxy][39m Replacing sessionId 5c04e634-3909-4494-bc14-d991f1cf3cbf with 6a482351-6615-4d1e-93f0-4887656e27a3
[35m[HTTP][39m [37m<-- GET /wd/hub/session/6a482351-6615-4d1e-93f0-4887656e27a3/element/00000000-0000-01d8-ffff-ffff00000237/location [39m[32m200[39m [90m27 ms - 78[39m
[35m[HTTP][39m [90m[39m
[35m[HTTP][39m [37m-->[39m [37mPOST[39m [37m/wd/hub/session/6a482351-6615-4d1e-93f0-4887656e27a3/element/00000000-0000-01d8-ffff-ffff00000237/click[39m
[35m[HTTP][39m [90m{"id":"00000000-0000-01d8-ffff-ffff00000237"}[39m
[35m[HTTP][39m [37m<-- POST /wd/hub/session/6a482351-6615-4d1e-93f0-4887656e27a3/element/00000000-0000-01d8-ffff-ffff00000237/click [39m[32m200[39m [90m66 ms - 14[39m
[35m[HTTP][39m [90m[39m
[35m[HTTP][39m [37m-->[39m [37mGET[39m [37m/wd/hub/session/6a482351-6615-4d1e-93f0-4887656e27a3/source[39m
[35m[HTTP][39m [90m{}[39m
[35m[W3C (6a482351)][39m Driver proxy active, passing request on via HTTP proxy
[35m[WD Proxy][39m Replacing sessionId 5c04e634-3909-4494-bc14-d991f1cf3cbf with 6a482351-6615-4d1e-93f0-4887656e27a3
[35m[HTTP][39m [37m<-- GET /wd/hub/session/6a482351-6615-4d1e-93f0-4887656e27a3/source [39m[32m200[39m [90m151 ms - 15229[39m
[35m[HTTP][39m [90m[39m
[35m[HTTP][39m [37m-->[39m [37mGET[39m [37m/wd/hub/session/6a482351-6615-4d1e-93f0-4887656e27a3/screenshot[39m
[35m[HTTP][39m [90m{}[39m
[35m[HTTP][39m [37m<-- GET /wd/hub/session/6a482351-6615-4d1e-93f0-4887656e27a3/screenshot [39m[32m200[39m [90m677 ms - 80444[39m
[35m[HTTP][39m [90m[39m
[35m[HTTP][39m [37m-->[39m [37mDELETE[39m [37m/wd/hub/session/6a482351-6615-4d1e-93f0-4887656e27a3[39m
[35m[HTTP][39m [90m{}[39m
[35m[Appium][39m Removing session 6a482351-6615-4d1e-93f0-4887656e27a3 from our master session list
[35m[UiAutomator2][39m Restoring hidden api policy to the device default configuration
[35m[HTTP][39m [37m<-- DELETE /wd/hub/session/6a482351-6615-4d1e-93f0-4887656e27a3 [39m[32m200[39m [90m545 ms - 14[39m
[35m[HTTP][39m [90m[39m
